g:\vs2013wk-station\uninst\uninst\release\qrc_uninst.obj
g:\vs2013wk-station\uninst\uninst\release\zc_unstall.obj
g:\vs2013wk-station\uninst\uninst\release\zcsingleapplication.obj
g:\vs2013wk-station\uninst\uninst\release\unstallthread.obj
g:\vs2013wk-station\uninst\uninst\release\uninst.obj
g:\vs2013wk-station\uninst\uninst\release\push_button.obj
g:\vs2013wk-station\uninst\uninst\release\main.obj
g:\vs2013wk-station\uninst\uninst\release\moc_zc_unstall.obj
g:\vs2013wk-station\uninst\uninst\release\moc_zcsingleapplication.obj
g:\vs2013wk-station\uninst\uninst\release\moc_unstallthread.obj
g:\vs2013wk-station\uninst\uninst\release\moc_uninst.obj
g:\vs2013wk-station\uninst\uninst\release\moc_push_button.obj
g:\vs2013wk-station\uninst\uninst\generatedfiles\ui_uninst.h
g:\vs2013wk-station\uninst\uninst\generatedfiles\qrc_uninst.cpp
g:\vs2013wk-station\uninst\uninst\generatedfiles\release\moc_zcsingleapplication.cpp
g:\vs2013wk-station\uninst\uninst\generatedfiles\release\moc_zc_unstall.cpp
g:\vs2013wk-station\uninst\uninst\generatedfiles\release\moc_unstallthread.cpp
g:\vs2013wk-station\uninst\uninst\generatedfiles\release\moc_uninst.cpp
g:\vs2013wk-station\uninst\uninst\generatedfiles\release\moc_push_button.cpp
g:\vs2013wk-station\uninst\win32\release\uninst.exe
g:\vs2013wk-station\uninst\uninst\release\uninst.res
g:\vs2013wk-station\uninst\win32\release\uninst.lib
g:\vs2013wk-station\uninst\win32\release\uninst.exp
g:\vs2013wk-station\uninst\uninst\release\uninst.tlog\cl.command.1.tlog
g:\vs2013wk-station\uninst\uninst\release\uninst.tlog\cl.read.1.tlog
g:\vs2013wk-station\uninst\uninst\release\uninst.tlog\cl.write.1.tlog
g:\vs2013wk-station\uninst\uninst\release\uninst.tlog\custombuild.command.1.tlog
g:\vs2013wk-station\uninst\uninst\release\uninst.tlog\custombuild.read.1.tlog
g:\vs2013wk-station\uninst\uninst\release\uninst.tlog\custombuild.write.1.tlog
g:\vs2013wk-station\uninst\uninst\release\uninst.tlog\link.command.1.tlog
g:\vs2013wk-station\uninst\uninst\release\uninst.tlog\link.read.1.tlog
g:\vs2013wk-station\uninst\uninst\release\uninst.tlog\link.write.1.tlog
g:\vs2013wk-station\uninst\uninst\release\uninst.tlog\rc.command.1.tlog
g:\vs2013wk-station\uninst\uninst\release\uninst.tlog\rc.read.1.tlog
g:\vs2013wk-station\uninst\uninst\release\uninst.tlog\rc.write.1.tlog
g:\vs2013wk-station\uninst\uninst\release\uninst.tlog\uninst.write.1u.tlog
