生成启动时间为 2015/2/13 16:55:50。
     1>项目“G:\vs2013wk-station\uninst\uninst\uninst.vcxproj”在节点 2 上(Build 个目标)。
     1>C:\Program Files (x86)\MSBuild\Microsoft.Cpp\v4.0\V120\Microsoft.CppBuild.targets(935,5): warning MSB8027: Two or more files with the name of moc_push_button.cpp will produce outputs to the same location. This can lead to an incorrect build result.  The files involved are GeneratedFiles\Debug\moc_push_button.cpp, GeneratedFiles\Release\moc_push_button.cpp.
     1>C:\Program Files (x86)\MSBuild\Microsoft.Cpp\v4.0\V120\Microsoft.CppBuild.targets(935,5): warning MSB8027: Two or more files with the name of moc_uninst.cpp will produce outputs to the same location. This can lead to an incorrect build result.  The files involved are GeneratedFiles\Debug\moc_uninst.cpp, GeneratedFiles\Release\moc_uninst.cpp.
     1>C:\Program Files (x86)\MSBuild\Microsoft.Cpp\v4.0\V120\Microsoft.CppBuild.targets(935,5): warning MSB8027: Two or more files with the name of moc_unstallthread.cpp will produce outputs to the same location. This can lead to an incorrect build result.  The files involved are GeneratedFiles\Debug\moc_unstallthread.cpp, GeneratedFiles\Release\moc_unstallthread.cpp.
     1>C:\Program Files (x86)\MSBuild\Microsoft.Cpp\v4.0\V120\Microsoft.CppBuild.targets(935,5): warning MSB8027: Two or more files with the name of moc_zcSingleApplication.cpp will produce outputs to the same location. This can lead to an incorrect build result.  The files involved are GeneratedFiles\Debug\moc_zcSingleApplication.cpp, GeneratedFiles\Release\moc_zcSingleApplication.cpp.
     1>C:\Program Files (x86)\MSBuild\Microsoft.Cpp\v4.0\V120\Microsoft.CppBuild.targets(935,5): warning MSB8027: Two or more files with the name of moc_zc_unstall.cpp will produce outputs to the same location. This can lead to an incorrect build result.  The files involved are GeneratedFiles\Debug\moc_zc_unstall.cpp, GeneratedFiles\Release\moc_zc_unstall.cpp.
     1>Link:
         C:\Program Files (x86)\Microsoft Visual Studio 12.0\VC\bin\link.exe /ERRORREPORT:PROMPT /OUT:"G:\vs2013wk-station\uninst\Win32\Release\\uninst.exe" /NOLOGO /LIBPATH:E:\QT_X64\a5.3.2_static_vs2013\lib /LIBPATH:E:\QT_X64\a5.3.2_static_vs2013\plugins\platforms qtmain.lib Qt5Core.lib Qt5Gui.lib Qt5Widgets.lib Qt5Network.lib imm32.lib winmm.lib Ws2_32.lib opengl32.lib Qt5PlatformSupport.lib qwindows.lib kernel32.lib user32.lib gdi32.lib comdlg32.lib advapi32.lib shell32.lib ole32.lib oleaut32.lib uuid.lib odbc32.lib odbccp32.lib qminimal.lib /MANIFEST:NO /PDB:"G:\vs2013wk-station\uninst\Win32\Release\uninst.pdb" /SUBSYSTEM:CONSOLE,"5.01" /TLBID:1 /DYNAMICBASE /NXCOMPAT /IMPLIB:"G:\vs2013wk-station\uninst\Win32\Release\uninst.lib" /MACHINE:X86 /SAFESEH Release\uninst.res
         Release\qrc_uninst.obj
         Release\moc_push_button.obj
         Release\moc_uninst.obj
         Release\moc_unstallthread.obj
         Release\moc_zcSingleApplication.obj
         Release\moc_zc_unstall.obj
         Release\main.obj
         Release\push_button.obj
         Release\uninst.obj
         Release\unstallthread.obj
         Release\zcSingleApplication.obj
         Release\zc_unstall.obj
            正在创建库 G:\vs2013wk-station\uninst\Win32\Release\uninst.lib 和对象 G:\vs2013wk-station\uninst\Win32\Release\uninst.exp
         uninst.vcxproj -> G:\vs2013wk-station\uninst\Win32\Release\uninst.exe
     1>已完成生成项目“G:\vs2013wk-station\uninst\uninst\uninst.vcxproj”(Build 个目标)的操作。

生成成功。

已用时间 00:00:04.65
